timestamp: 2010-09-29T23:03:19.142535
CREATE TABLE auth_user(
    id INTEGER PRIMARY KEY AUTOINCREMENT,
    first_name CHAR(128),
    last_name CHAR(128),
    email CHAR(512),
    password CHAR(512),
    registration_key CHAR(512),
    reset_password_key CHAR(512)
);
success!
timestamp: 2010-09-29T23:03:19.238241
CREATE TABLE auth_group(
    id INTEGER PRIMARY KEY AUTOINCREMENT,
    role CHAR(512),
    description TEXT
);
success!
timestamp: 2010-09-29T23:03:19.306953
CREATE TABLE auth_membership(
    id INTEGER PRIMARY KEY AUTOINCREMENT,
    user_id INTEGER REFERENCES auth_user(id) ON DELETE CASCADE,
    group_id INTEGER REFERENCES auth_group(id) ON DELETE CASCADE
);
success!
timestamp: 2010-09-29T23:03:19.381477
CREATE TABLE auth_permission(
    id INTEGER PRIMARY KEY AUTOINCREMENT,
    group_id INTEGER REFERENCES auth_group(id) ON DELETE CASCADE,
    name CHAR(512),
    table_name CHAR(512),
    record_id INTEGER
);
success!
timestamp: 2010-09-29T23:03:19.449012
CREATE TABLE auth_event(
    id INTEGER PRIMARY KEY AUTOINCREMENT,
    time_stamp TIMESTAMP,
    client_ip CHAR(512),
    user_id INTEGER REFERENCES auth_user(id) ON DELETE CASCADE,
    origin CHAR(512),
    description TEXT
);
success!
timestamp: 2010-09-29T23:03:19.541300
CREATE TABLE project(
    id INTEGER PRIMARY KEY AUTOINCREMENT,
    title CHAR(512),
    description TEXT
);
success!
timestamp: 2010-09-29T23:03:19.607360
CREATE TABLE event(
    id INTEGER PRIMARY KEY AUTOINCREMENT,
    title CHAR(512),
    place CHAR(512),
    year INTEGER
);
success!
timestamp: 2010-09-29T23:03:19.673789
CREATE TABLE publication(
    id INTEGER PRIMARY KEY AUTOINCREMENT,
    authors CHAR(512),
    title CHAR(512),
    event INTEGER REFERENCES event(id) ON DELETE CASCADE
);
success!
timestamp: 2010-09-29T23:04:02.206377
CREATE TABLE presentation(
    id INTEGER PRIMARY KEY AUTOINCREMENT,
    title CHAR(512),
    description CHAR(512),
    pdf CHAR(512),
    event INTEGER REFERENCES event(id) ON DELETE CASCADE
);
success!
timestamp: 2010-09-30T00:02:00.936108
ALTER TABLE event ADD abbreviation CHAR(512);
