timestamp: 2010-08-04T16:23:41.100000
CREATE TABLE image(
    id INTEGER PRIMARY KEY AUTOINCREMENT,
    title CHAR(512),
    file CHAR(512)
);
success!
timestamp: 2010-08-04T16:23:41.242000
CREATE TABLE comment(
    id INTEGER PRIMARY KEY AUTOINCREMENT,
    image_id INTEGER REFERENCES image(id) ON DELETE CASCADE,
    author CHAR(512),
    email CHAR(512),
    body TEXT
);
success!
timestamp: 2010-08-04T16:27:06.181000
CREATE TABLE auth_user(
    id INTEGER PRIMARY KEY AUTOINCREMENT,
    first_name CHAR(128),
    last_name CHAR(128),
    email CHAR(512),
    password CHAR(512),
    registration_key CHAR(512),
    reset_password_key CHAR(512)
);
success!
timestamp: 2010-08-04T16:27:06.254000
CREATE TABLE auth_group(
    id INTEGER PRIMARY KEY AUTOINCREMENT,
    role CHAR(512),
    description TEXT
);
success!
timestamp: 2010-08-04T16:27:06.379000
CREATE TABLE auth_membership(
    id INTEGER PRIMARY KEY AUTOINCREMENT,
    user_id INTEGER REFERENCES auth_user(id) ON DELETE CASCADE,
    group_id INTEGER REFERENCES auth_group(id) ON DELETE CASCADE
);
success!
timestamp: 2010-08-04T16:27:06.586000
CREATE TABLE auth_permission(
    id INTEGER PRIMARY KEY AUTOINCREMENT,
    group_id INTEGER REFERENCES auth_group(id) ON DELETE CASCADE,
    name CHAR(512),
    table_name CHAR(512),
    record_id INTEGER
);
success!
timestamp: 2010-08-04T16:27:06.702000
CREATE TABLE auth_event(
    id INTEGER PRIMARY KEY AUTOINCREMENT,
    time_stamp TIMESTAMP,
    client_ip CHAR(512),
    user_id INTEGER REFERENCES auth_user(id) ON DELETE CASCADE,
    origin CHAR(512),
    description TEXT
);
success!
